Using pre-set license
Built from '2020.3/staging' branch; Version is '2020.3.26f1 (7298b473bc1a) revision 7510196'; Using compiler version '192528614'; Build Type 'Release'
OS: 'Windows 11  (10.0.22000) 64bit Professional' Language: 'tr' Physical Memory: 16187 MB
BatchMode: 1, IsHumanControllingUs: 0, StartBugReporterOnCrash: 0, Is64bit: 1, IsPro: 0

COMMAND LINE ARGUMENTS:
C:\Program Files\Unity\Hub\Editor\2020.3.26f1\Editor\Unity.exe
-adb2
-batchMode
-noUpm
-name
AssetImportWorker0
-projectPath
C:/Users/furka/Realm Rush
-logFile
Logs/AssetImportWorker0.log
-srvPort
63229
Successfully changed project path to: C:/Users/furka/Realm Rush
C:/Users/furka/Realm Rush
Using Asset Import Pipeline V2.
Refreshing native plugins compatible for Editor in 67.93 ms, found 2 plugins.
Preloading 0 native plugins for Editor in 0.00 ms.
Initialize engine version: 2020.3.26f1 (7298b473bc1a)
[Subsystems] Discovering subsystems at path C:/Program Files/Unity/Hub/Editor/2020.3.26f1/Editor/Data/Resources/UnitySubsystems
[Subsystems] Discovering subsystems at path C:/Users/furka/Realm Rush/Assets
GfxDevice: creating device client; threaded=0
Direct3D:
    Version:  Direct3D 11.0 [level 11.1]
    Renderer: NVIDIA GeForce GTX 1650 (ID=0x1f91)
    Vendor:   
    VRAM:     3962 MB
    Driver:   30.0.15.1123
Initialize mono
Mono path[0] = 'C:/Program Files/Unity/Hub/Editor/2020.3.26f1/Editor/Data/Managed'
Mono path[1] = 'C:/Program Files/Unity/Hub/Editor/2020.3.26f1/Editor/Data/MonoBleedingEdge/lib/mono/unityjit'
Mono config path = 'C:/Program Files/Unity/Hub/Editor/2020.3.26f1/Editor/Data/MonoBleedingEdge/etc'
Using monoOptions --debugger-agent=transport=dt_socket,embedding=1,server=y,suspend=n,address=127.0.0.1:56420
Begin MonoManager ReloadAssembly
Registering precompiled unity dll's ...
Register platform support module: C:/Program Files/Unity/Hub/Editor/2020.3.26f1/Editor/Data/PlaybackEngines/WindowsStandaloneSupport/UnityEditor.WindowsStandalone.Extensions.dll
Registered in 0.002650 seconds.
Native extension for WindowsStandalone target not found
Refreshing native plugins compatible for Editor in 61.17 ms, found 2 plugins.
Preloading 0 native plugins for Editor in 0.00 ms.
Mono: successfully reloaded assembly
- Completed reload, in  1.185 seconds
Domain Reload Profiling:
	ReloadAssembly (1186ms)
		BeginReloadAssembly (131ms)
			ExecutionOrderSort (0ms)
			DisableScriptedObjects (0ms)
			BackupInstance (0ms)
			ReleaseScriptingObjects (0ms)
			CreateAndSetChildDomain (2ms)
		EndReloadAssembly (878ms)
			LoadAssemblies (126ms)
			RebuildTransferFunctionScriptingTraits (0ms)
			SetupTypeCache (342ms)
			ReleaseScriptCaches (0ms)
			RebuildScriptCaches (52ms)
			SetupLoadedEditorAssemblies (315ms)
				LogAssemblyErrors (0ms)
				InitializePlatformSupportModulesInManaged (10ms)
				SetLoadedEditorAssemblies (0ms)
				RefreshPlugins (61ms)
				BeforeProcessingInitializeOnLoad (30ms)
				ProcessInitializeOnLoadAttributes (157ms)
				ProcessInitializeOnLoadMethodAttributes (55ms)
				AfterProcessingInitializeOnLoad (0ms)
				EditorAssembliesLoaded (0ms)
			ExecutionOrderSort2 (0ms)
			AwakeInstancesAfterBackupRestoration (0ms)
Platform modules already initialized, skipping
Registering precompiled user dll's ...
Registered in 0.006574 seconds.
Begin MonoManager ReloadAssembly
Native extension for WindowsStandalone target not found
Refreshing native plugins compatible for Editor in 0.47 ms, found 2 plugins.
Preloading 0 native plugins for Editor in 0.00 ms.
Mono: successfully reloaded assembly
- Completed reload, in  1.790 seconds
Domain Reload Profiling:
	ReloadAssembly (1791ms)
		BeginReloadAssembly (256ms)
			ExecutionOrderSort (0ms)
			DisableScriptedObjects (8ms)
			BackupInstance (0ms)
			ReleaseScriptingObjects (0ms)
			CreateAndSetChildDomain (33ms)
		EndReloadAssembly (1426ms)
			LoadAssemblies (147ms)
			RebuildTransferFunctionScriptingTraits (0ms)
			SetupTypeCache (516ms)
			ReleaseScriptCaches (0ms)
			RebuildScriptCaches (79ms)
			SetupLoadedEditorAssemblies (504ms)
				LogAssemblyErrors (0ms)
				InitializePlatformSupportModulesInManaged (8ms)
				SetLoadedEditorAssemblies (1ms)
				RefreshPlugins (1ms)
				BeforeProcessingInitializeOnLoad (128ms)
				ProcessInitializeOnLoadAttributes (343ms)
				ProcessInitializeOnLoadMethodAttributes (15ms)
				AfterProcessingInitializeOnLoad (8ms)
				EditorAssembliesLoaded (0ms)
			ExecutionOrderSort2 (0ms)
			AwakeInstancesAfterBackupRestoration (11ms)
Platform modules already initialized, skipping
========================================================================
Worker process is ready to serve import requests
Launched and connected shader compiler UnityShaderCompiler.exe after 0.11 seconds
Refreshing native plugins compatible for Editor in 0.55 ms, found 2 plugins.
Preloading 0 native plugins for Editor in 0.00 ms.
Unloading 1519 Unused Serialized files (Serialized files now loaded: 0)
System memory in use before: 71.2 MB.
System memory in use after: 71.3 MB.

Unloading 19 unused Assets to reduce memory usage. Loaded Objects now: 1951.
Total: 5.808200 ms (FindLiveObjects: 0.270800 ms CreateObjectMapping: 0.109800 ms MarkObjects: 5.285700 ms  DeleteObjects: 0.139200 ms)

AssetImportParameters requested are different than current active one (requested -> active):
  custom:framework-win-MediaFoundation: 216162199b28c13a410421893ffa2e32 -> 
  custom:video-decoder-ogg-theora: a1e56fd34408186e4bbccfd4996cb3dc -> 
  custom:container-muxer-webm: aa71ff27fc2769a1b78a27578f13a17b -> 
  custom:container-demuxer-webm: 4f35f7cbe854078d1ac9338744f61a02 -> 
  custom:container-demuxer-ogg: 62fdf1f143b41e24485cea50d1cbac27 -> 
  custom:video-encoder-webm-vp8: eb34c28f22e8b96e1ab97ce403110664 -> 
  custom:video-decoder-webm-vp8: 9c59270c3fd7afecdb556c50c9e8de78 -> 
  custom:audio-decoder-ogg-vorbis: bf7c407c2cedff20999df2af8eb42d56 -> 
  custom:audio-encoder-webm-vorbis: bf7c407c2cedff20999df2af8eb42d56 -> 
========================================================================
Received Import Request.
  path: Assets/Prefabs/Tile.prefab
  artifactKey: Guid(1346252a1e8ae914f97f719f9d385aef) Importer(815301076,1909f56bfc062723c751e8b465ee728b)
Start importing Assets/Prefabs/Tile.prefab using Guid(1346252a1e8ae914f97f719f9d385aef) Importer(815301076,1909f56bfc062723c751e8b465ee728b)  -> (artifact id: '51c7379f5880103dc74eed1a83b66256') in 0.282636 seconds 
  Import took 0.288450 seconds .

========================================================================
Received Import Request.
  Time since last request: 85.321698 seconds.
  path: Assets/Prefabs/RoadTile.prefab
  artifactKey: Guid(7e8140c472845794aaaf3296d2bbba86) Importer(815301076,1909f56bfc062723c751e8b465ee728b)
Start importing Assets/Prefabs/RoadTile.prefab using Guid(7e8140c472845794aaaf3296d2bbba86) Importer(815301076,1909f56bfc062723c751e8b465ee728b)  -> (artifact id: 'c1e97c9736c13293ef1cc74dc109c04f') in 0.070169 seconds 
  Import took 0.075052 seconds .

========================================================================
Received Import Request.
  Time since last request: 13.528669 seconds.
  path: Assets/Prefabs/RoadTile.prefab
  artifactKey: Guid(7e8140c472845794aaaf3296d2bbba86) Importer(815301076,1909f56bfc062723c751e8b465ee728b)
Start importing Assets/Prefabs/RoadTile.prefab using Guid(7e8140c472845794aaaf3296d2bbba86) Importer(815301076,1909f56bfc062723c751e8b465ee728b)  -> (artifact id: '361f4e59d077c641e03cc1965f438619') in 0.071541 seconds 
  Import took 0.079540 seconds .

========================================================================
Received Import Request.
  Time since last request: 8.248411 seconds.
  path: Assets/AssetPacks/VoxelCastle/Models/Water_Open.obj
  artifactKey: Guid(a847eae99d42cdf49b01d8ca9f52e595) Importer(815301076,1909f56bfc062723c751e8b465ee728b)
Start importing Assets/AssetPacks/VoxelCastle/Models/Water_Open.obj using Guid(a847eae99d42cdf49b01d8ca9f52e595) Importer(815301076,1909f56bfc062723c751e8b465ee728b)  -> (artifact id: '0ee48020aa6d441471d121e06b4f080d') in 0.153760 seconds 
  Import took 0.162523 seconds .

========================================================================
Received Import Request.
  Time since last request: 0.000291 seconds.
  path: Assets/AssetPacks/VoxelCastle/Models/Wall_Straight.obj
  artifactKey: Guid(0c67890f22519734398ef6e81ae7288c) Importer(815301076,1909f56bfc062723c751e8b465ee728b)
Start importing Assets/AssetPacks/VoxelCastle/Models/Wall_Straight.obj using Guid(0c67890f22519734398ef6e81ae7288c) Importer(815301076,1909f56bfc062723c751e8b465ee728b)  -> (artifact id: '1a829ecc46277da3313197314aa19f7c') in 0.076611 seconds 
  Import took 0.083284 seconds .

========================================================================
Received Import Request.
  Time since last request: 0.000422 seconds.
  path: Assets/AssetPacks/VoxelCastle/Models/Wall_Out.obj
  artifactKey: Guid(a47cc0e994d04e14684868a64d825a9a) Importer(815301076,1909f56bfc062723c751e8b465ee728b)
Start importing Assets/AssetPacks/VoxelCastle/Models/Wall_Out.obj using Guid(a47cc0e994d04e14684868a64d825a9a) Importer(815301076,1909f56bfc062723c751e8b465ee728b)  -> (artifact id: 'd89c3d7cc7c53ef50a48737015b138d3') in 0.067539 seconds 
  Import took 0.073320 seconds .

========================================================================
Received Import Request.
  Time since last request: 76.284961 seconds.
  path: Assets/Prefabs/RoadTile.prefab
  artifactKey: Guid(7e8140c472845794aaaf3296d2bbba86) Importer(815301076,1909f56bfc062723c751e8b465ee728b)
Start importing Assets/Prefabs/RoadTile.prefab using Guid(7e8140c472845794aaaf3296d2bbba86) Importer(815301076,1909f56bfc062723c751e8b465ee728b)  -> (artifact id: 'c18938617be86e09d8cf86b7b517eac4') in 0.074865 seconds 
  Import took 0.080396 seconds .

========================================================================
Received Import Request.
  Time since last request: 5.468825 seconds.
  path: Assets/Prefabs/RoadTile.prefab
  artifactKey: Guid(7e8140c472845794aaaf3296d2bbba86) Importer(815301076,1909f56bfc062723c751e8b465ee728b)
Start importing Assets/Prefabs/RoadTile.prefab using Guid(7e8140c472845794aaaf3296d2bbba86) Importer(815301076,1909f56bfc062723c751e8b465ee728b)  -> (artifact id: 'f3ba0a7cccdd0285af8e4b910ebb90af') in 0.088464 seconds 
  Import took 0.094004 seconds .

========================================================================
Received Import Request.
  Time since last request: 4.308482 seconds.
  path: Assets/Prefabs/RoadTile.prefab
  artifactKey: Guid(7e8140c472845794aaaf3296d2bbba86) Importer(815301076,1909f56bfc062723c751e8b465ee728b)
Start importing Assets/Prefabs/RoadTile.prefab using Guid(7e8140c472845794aaaf3296d2bbba86) Importer(815301076,1909f56bfc062723c751e8b465ee728b)  -> (artifact id: '60516d7fd36d06df808e7a60977f7eed') in 0.064646 seconds 
  Import took 0.071567 seconds .

========================================================================
Received Import Request.
  Time since last request: 18.823685 seconds.
  path: Assets/Prefabs/CurvedRoadTile.prefab
  artifactKey: Guid(65f185c53a64fcf479ae5af4be41cdfb) Importer(815301076,1909f56bfc062723c751e8b465ee728b)
Start importing Assets/Prefabs/CurvedRoadTile.prefab using Guid(65f185c53a64fcf479ae5af4be41cdfb) Importer(815301076,1909f56bfc062723c751e8b465ee728b)  -> (artifact id: '25c12e8f02caa40a14c7d0a5726220e8') in 0.065056 seconds 
  Import took 0.070823 seconds .

========================================================================
Received Import Request.
  Time since last request: 11.019241 seconds.
  path: Assets/Prefabs/CurvedRoadTile.prefab
  artifactKey: Guid(65f185c53a64fcf479ae5af4be41cdfb) Importer(815301076,1909f56bfc062723c751e8b465ee728b)
Start importing Assets/Prefabs/CurvedRoadTile.prefab using Guid(65f185c53a64fcf479ae5af4be41cdfb) Importer(815301076,1909f56bfc062723c751e8b465ee728b)  -> (artifact id: 'b3cc4747d7cb4ced95606aed4c26e6e3') in 0.074011 seconds 
  Import took 0.078825 seconds .

========================================================================
Received Import Request.
  Time since last request: 1864.034016 seconds.
  path: Assets/Prefabs/RoadTille90Angled.prefab
  artifactKey: Guid(2eab6ba02590cbe47b3eca02c7b1ad7e) Importer(815301076,1909f56bfc062723c751e8b465ee728b)
Start importing Assets/Prefabs/RoadTille90Angled.prefab using Guid(2eab6ba02590cbe47b3eca02c7b1ad7e) Importer(815301076,1909f56bfc062723c751e8b465ee728b)  -> (artifact id: 'cab1fda57bb17cd9d7f7278dc9772dbe') in 0.053219 seconds 
  Import took 0.056996 seconds .

========================================================================
Received Import Request.
  Time since last request: 9.515874 seconds.
  path: Assets/Prefabs/RoadTille90Angled.prefab
  artifactKey: Guid(2eab6ba02590cbe47b3eca02c7b1ad7e) Importer(815301076,1909f56bfc062723c751e8b465ee728b)
Start importing Assets/Prefabs/RoadTille90Angled.prefab using Guid(2eab6ba02590cbe47b3eca02c7b1ad7e) Importer(815301076,1909f56bfc062723c751e8b465ee728b)  -> (artifact id: 'a563db400b86ceadd02da9f36abb086d') in 0.040799 seconds 
  Import took 0.043895 seconds .

========================================================================
Received Import Request.
  Time since last request: 223.379535 seconds.
  path: Assets/Prefabs/CurvedRoadTile90.prefab
  artifactKey: Guid(a9f616ef966eef340bacb263ae387e96) Importer(815301076,1909f56bfc062723c751e8b465ee728b)
Start importing Assets/Prefabs/CurvedRoadTile90.prefab using Guid(a9f616ef966eef340bacb263ae387e96) Importer(815301076,1909f56bfc062723c751e8b465ee728b)  -> (artifact id: 'f031af1616defd11572d8d76d6113ad4') in 0.048365 seconds 
  Import took 0.051347 seconds .

========================================================================
Received Import Request.
  Time since last request: 8.623356 seconds.
  path: Assets/Prefabs/CurvedRoadTile90.prefab
  artifactKey: Guid(a9f616ef966eef340bacb263ae387e96) Importer(815301076,1909f56bfc062723c751e8b465ee728b)
Start importing Assets/Prefabs/CurvedRoadTile90.prefab using Guid(a9f616ef966eef340bacb263ae387e96) Importer(815301076,1909f56bfc062723c751e8b465ee728b)  -> (artifact id: 'fcff37632550c592964008a5d75a6368') in 0.035342 seconds 
  Import took 0.038656 seconds .

========================================================================
Received Import Request.
  Time since last request: 45.604906 seconds.
  path: Assets/Prefabs/CurvedRoadTile180.prefab
  artifactKey: Guid(d398889df38f59443af37281661e0bdc) Importer(815301076,1909f56bfc062723c751e8b465ee728b)
Start importing Assets/Prefabs/CurvedRoadTile180.prefab using Guid(d398889df38f59443af37281661e0bdc) Importer(815301076,1909f56bfc062723c751e8b465ee728b)  -> (artifact id: '1adccbad2f42a6b90735b35a5fcbe229') in 0.035839 seconds 
  Import took 0.038675 seconds .

========================================================================
Received Import Request.
  Time since last request: 16.143822 seconds.
  path: Assets/Prefabs/CurvedRoadTile180.prefab
  artifactKey: Guid(d398889df38f59443af37281661e0bdc) Importer(815301076,1909f56bfc062723c751e8b465ee728b)
Start importing Assets/Prefabs/CurvedRoadTile180.prefab using Guid(d398889df38f59443af37281661e0bdc) Importer(815301076,1909f56bfc062723c751e8b465ee728b)  -> (artifact id: '1adbcab02b4bb4400c68d3a0eb764506') in 0.038777 seconds 
  Import took 0.042470 seconds .

========================================================================
Received Import Request.
  Time since last request: 15.337816 seconds.
  path: Assets/Prefabs/CurvedRoadTile 270.prefab
  artifactKey: Guid(26e0c8b456cbb1d429c11e544209dd62) Importer(815301076,1909f56bfc062723c751e8b465ee728b)
Start importing Assets/Prefabs/CurvedRoadTile 270.prefab using Guid(26e0c8b456cbb1d429c11e544209dd62) Importer(815301076,1909f56bfc062723c751e8b465ee728b)  -> (artifact id: '5e87ddc5c3401d5d0bc5becef5c61a7b') in 0.044243 seconds 
  Import took 0.047567 seconds .

========================================================================
Received Import Request.
  Time since last request: 16.364967 seconds.
  path: Assets/Prefabs/CurvedRoadTile 270.prefab
  artifactKey: Guid(26e0c8b456cbb1d429c11e544209dd62) Importer(815301076,1909f56bfc062723c751e8b465ee728b)
Start importing Assets/Prefabs/CurvedRoadTile 270.prefab using Guid(26e0c8b456cbb1d429c11e544209dd62) Importer(815301076,1909f56bfc062723c751e8b465ee728b)  -> (artifact id: 'd790a5c0c5a950a485113ec57dc009ef') in 0.040641 seconds 
  Import took 0.044497 seconds .

========================================================================
Received Prepare
Registering precompiled user dll's ...
Registered in 0.003622 seconds.
Begin MonoManager ReloadAssembly
Native extension for WindowsStandalone target not found
Refreshing native plugins compatible for Editor in 0.40 ms, found 2 plugins.
Preloading 0 native plugins for Editor in 0.00 ms.
Mono: successfully reloaded assembly
- Completed reload, in  1.098 seconds
Domain Reload Profiling:
	ReloadAssembly (1099ms)
		BeginReloadAssembly (156ms)
			ExecutionOrderSort (0ms)
			DisableScriptedObjects (5ms)
			BackupInstance (0ms)
			ReleaseScriptingObjects (0ms)
			CreateAndSetChildDomain (54ms)
		EndReloadAssembly (884ms)
			LoadAssemblies (86ms)
			RebuildTransferFunctionScriptingTraits (0ms)
			SetupTypeCache (331ms)
			ReleaseScriptCaches (1ms)
			RebuildScriptCaches (36ms)
			SetupLoadedEditorAssemblies (316ms)
				LogAssemblyErrors (0ms)
				InitializePlatformSupportModulesInManaged (4ms)
				SetLoadedEditorAssemblies (1ms)
				RefreshPlugins (0ms)
				BeforeProcessingInitializeOnLoad (64ms)
				ProcessInitializeOnLoadAttributes (224ms)
				ProcessInitializeOnLoadMethodAttributes (14ms)
				AfterProcessingInitializeOnLoad (8ms)
				EditorAssembliesLoaded (0ms)
			ExecutionOrderSort2 (0ms)
			AwakeInstancesAfterBackupRestoration (9ms)
Platform modules already initialized, skipping
Refreshing native plugins compatible for Editor in 0.47 ms, found 2 plugins.
Preloading 0 native plugins for Editor in 0.00 ms.
Unloading 1500 Unused Serialized files (Serialized files now loaded: 0)
System memory in use before: 73.3 MB.
System memory in use after: 73.4 MB.

Unloading 14 unused Assets to reduce memory usage. Loaded Objects now: 1996.
Total: 4.089000 ms (FindLiveObjects: 0.186200 ms CreateObjectMapping: 0.074500 ms MarkObjects: 3.797600 ms  DeleteObjects: 0.029000 ms)

AssetImportParameters requested are different than current active one (requested -> active):
  custom:framework-win-MediaFoundation: 216162199b28c13a410421893ffa2e32 -> 
  custom:video-decoder-ogg-theora: a1e56fd34408186e4bbccfd4996cb3dc -> 
  custom:container-muxer-webm: aa71ff27fc2769a1b78a27578f13a17b -> 
  custom:container-demuxer-webm: 4f35f7cbe854078d1ac9338744f61a02 -> 
  custom:container-demuxer-ogg: 62fdf1f143b41e24485cea50d1cbac27 -> 
  custom:video-encoder-webm-vp8: eb34c28f22e8b96e1ab97ce403110664 -> 
  custom:video-decoder-webm-vp8: 9c59270c3fd7afecdb556c50c9e8de78 -> 
  custom:audio-decoder-ogg-vorbis: bf7c407c2cedff20999df2af8eb42d56 -> 
  custom:audio-encoder-webm-vorbis: bf7c407c2cedff20999df2af8eb42d56 -> 
AssetImportWorkerClient::OnTransportError - code=2 error=End of file
